<?xml version="1.0" encoding="UTF-8"?>
<testsuite xmlns:xsi="http://www.w3.org/2001/XMLSchema-instance" xsi:noNamespaceSchemaLocation="https://maven.apache.org/surefire/maven-surefire-plugin/xsd/surefire-test-report.xsd" name="com.gnz.blog.test.ArticleServiceTest" time="19.612" tests="2" errors="0" skipped="0" failures="0">
  <properties>
[...]
</properties>
  <testcase name="timeline" classname="com.gnz.blog.test.ArticleServiceTest" time="1.882"/>
  <testcase name="solveTime" classname="com.gnz.blog.test.ArticleServiceTest" time="0.227"/>
</testsuite>